#
# A fatal error has been detected by the Java Runtime Environment:
#
#  EXCEPTION_ACCESS_VIOLATION (0xc0000005) at pc=0x000000005645d8dc, pid=4440, tid=15848
#
# JRE version: Java(TM) SE Runtime Environment (10.0.2+13) (build 10.0.2+13)
# Java VM: Java HotSpot(TM) 64-Bit Server VM (10.0.2+13, mixed mode, tiered, compressed oops, g1 gc, windows-amd64)
# Problematic frame:
# V  [jvm.dll+0x31d8dc]
#
# No core dump will be written. Minidumps are not enabled by default on client versions of Windows
#
# If you would like to submit a bug report, please visit:
#   http://bugreport.java.com/bugreport/crash.jsp
#

---------------  S U M M A R Y ------------

Command Line: -agentlib:jdwp=transport=dt_socket,address=127.0.0.1:54268,suspend=y,server=n -javaagent:C:\Users\BIGGRE~1\AppData\Local\Temp\captureAgent2jars\debugger-agent.jar=file:/C:/Users/BIGGRE~1/AppData/Local/Temp/capture.props -Dfile.encoding=UTF-8 Main

Host: Intel(R) Core(TM) i3-7130U CPU @ 2.70GHz, 4 cores, 7G,  Windows 10 , 64 bit Build 16299 (10.0.16299.431)
Time: Sat Sep 29 23:06:50 2018 Eastern Daylight Time elapsed time: 3049 seconds (0d 0h 50m 49s)

---------------  T H R E A D  ---------------

Current thread (0x00000179febd5000):  VMThread "VM Thread" [stack: 0x0000001234400000,0x0000001234500000] [id=15848]

Stack: [0x0000001234400000,0x0000001234500000],  sp=0x00000012344fef10,  free space=1019k
Native frames: (J=compiled Java code, j=interpreted, Vv=VM code, C=native code)
V  [jvm.dll+0x31d8dc]
V  [jvm.dll+0x31fcc0]
V  [jvm.dll+0x32034e]
V  [jvm.dll+0x31da85]
V  [jvm.dll+0x31cee3]
V  [jvm.dll+0x59097f]
V  [jvm.dll+0x590d66]
V  [jvm.dll+0x590b26]
V  [jvm.dll+0x55c148]
V  [jvm.dll+0x473bca]
V  [jvm.dll+0x6c47bc]
V  [jvm.dll+0x6c2f25]
V  [jvm.dll+0x6c3730]
V  [jvm.dll+0x6c3a6c]
V  [jvm.dll+0x59f4b0]
C  [msvcr120.dll+0x24f7f]
C  [msvcr120.dll+0x25126]
C  [KERNEL32.DLL+0x11fe4]
C  [ntdll.dll+0x6cb31]


siginfo: EXCEPTION_ACCESS_VIOLATION (0xc0000005), reading address 0x0000000000000006


Register to memory mapping:

RIP=0x000000005645d8dc jvm.dll
RAX=0x0000000000000000 is an unknown value
RBX=0x00000179ff0a3118 is pointing into metadata
RCX=0x0000000000000000 is an unknown value
RDX=0x0000000000000000 is an unknown value
RSP=0x00000012344fef10 is an unknown value
RBP=0x0000000000000001 is an unknown value
RSI=0x0000000056adac28 jvm.dll
RDI=0x00000012344ff1b0 is an unknown value
R8 =0x0000000000000000 is an unknown value
R9 =0x00000179ff0a3118 is pointing into metadata
R10=0x00000012344fef40 is an unknown value
R11=0x00000012344fef70 is an unknown value
R12=0x00000000568bd601 jvm.dll
R13=0x0000000000000000 is an unknown value
R14=0x0000000000000001 is an unknown value
R15=0x0000000000000000 is an unknown value


Registers:
RAX=0x0000000000000000, RBX=0x00000179ff0a3118, RCX=0x0000000000000000, RDX=0x0000000000000000
RSP=0x00000012344fef10, RBP=0x0000000000000001, RSI=0x0000000056adac28, RDI=0x00000012344ff1b0
R8 =0x0000000000000000, R9 =0x00000179ff0a3118, R10=0x00000012344fef40, R11=0x00000012344fef70
R12=0x00000000568bd601, R13=0x0000000000000000, R14=0x0000000000000001, R15=0x0000000000000000
RIP=0x000000005645d8dc, EFLAGS=0x0000000000010202

Top of Stack: (sp=0x00000012344fef10)
0x00000012344fef10:   0000000000000018 000000005645dbf1
0x00000012344fef20:   0000000000000008 0000000000000000
0x00000012344fef30:   0000000000000000 00000179df779ef0
0x00000012344fef40:   000000004600001e 00000179febd5000
0x00000012344fef50:   00001217ca7bb14b 00001217000000e6
0x00000012344fef60:   0000000000000000 00000012344ff000
0x00000012344fef70:   00000012344ff1b0 000000005645fcc0
0x00000012344fef80:   00000012344ff1b0 000000000000002c
0x00000012344fef90:   0000000000000001 00000012344ff1b0
0x00000012344fefa0:   000000590000002c 000000b100000059
0x00000012344fefb0:   0000000000000000 0000000000000033
0x00000012344fefc0:   00000179feb70ee0 000000005646034e
0x00000012344fefd0:   00000012344ff1b0 00000012344ff030
0x00000012344fefe0:   0000000000000000 00000179feb70ee0
0x00000012344feff0:   0000000000006001 00000000564621f1
0x00000012344ff000:   00000179ff0a3610 00000179febd5000 

Instructions: (pc=0x000000005645d8dc)
0x000000005645d8bc:   8b cb e8 9d 10 f1 ff 48 8b cb 8b d0 e8 c3 37 f1
0x000000005645d8cc:   ff 48 8d 35 54 d3 67 00 48 63 c8 48 8b 44 cb 40
0x000000005645d8dc:   0f b6 48 06 8b 05 3e d3 67 00 80 f9 4c 74 2b 80
0x000000005645d8ec:   f9 5b 74 26 80 f9 4a 74 18 80 f9 44 74 13 48 8d 


VM_Operation (0x0000001234eff3a0): GetOrSetLocal, mode: safepoint, requested by thread 0x00000179ff837000


---------------  P R O C E S S  ---------------

Threads class SMR info:
_java_thread_list=0x0000017983f9ee70, length=14, elements={
0x00000179df891000, 0x00000179febeb000, 0x00000179febec000, 0x00000179ff563000,
0x00000179febf3000, 0x00000179febf8000, 0x00000179febfd000, 0x00000179fec02000,
0x00000179fec0a800, 0x00000179ff837000, 0x0000017983fd7800, 0x00000179ff76e800,
0x00000179ff76f800, 0x00000179ff75b800
}

Java Threads: ( => current thread )
  0x00000179df891000 JavaThread "main" [_thread_blocked, id=18268, stack(0x0000001233800000,0x0000001233900000)]
  0x00000179febeb000 JavaThread "Reference Handler" daemon [_thread_blocked, id=148, stack(0x0000001234500000,0x0000001234600000)]
  0x00000179febec000 JavaThread "Finalizer" daemon [_thread_blocked, id=23820, stack(0x0000001234600000,0x0000001234700000)]
  0x00000179ff563000 JavaThread "Signal Dispatcher" daemon [_thread_blocked, id=9812, stack(0x0000001234800000,0x0000001234900000)]
  0x00000179febf3000 JavaThread "Attach Listener" daemon [_thread_blocked, id=8800, stack(0x0000001234900000,0x0000001234a00000)]
  0x00000179febf8000 JavaThread "C2 CompilerThread0" daemon [_thread_blocked, id=19120, stack(0x0000001234a00000,0x0000001234b00000)]
  0x00000179febfd000 JavaThread "C2 CompilerThread1" daemon [_thread_blocked, id=15236, stack(0x0000001234b00000,0x0000001234c00000)]
  0x00000179fec02000 JavaThread "C1 CompilerThread2" daemon [_thread_blocked, id=21296, stack(0x0000001234c00000,0x0000001234d00000)]
  0x00000179fec0a800 JavaThread "Sweeper thread" daemon [_thread_blocked, id=9732, stack(0x0000001234d00000,0x0000001234e00000)]
  0x00000179ff837000 JavaThread "JDWP Transport Listener: dt_socket" daemon [_thread_blocked, id=12664, stack(0x0000001234e00000,0x0000001234f00000)] _threads_hazard_ptr=0x0000017983f9ee70
  0x0000017983fd7800 JavaThread "JDWP Event Helper Thread" daemon [_thread_blocked, id=5912, stack(0x0000001234f00000,0x0000001235000000)]
  0x00000179ff76e800 JavaThread "JDWP Command Reader" daemon [_thread_in_native, id=17580, stack(0x0000001235000000,0x0000001235100000)]
  0x00000179ff76f800 JavaThread "Common-Cleaner" daemon [_thread_blocked, id=29648, stack(0x0000001235100000,0x0000001235200000)]
  0x00000179ff75b800 JavaThread "Service Thread" daemon [_thread_blocked, id=17212, stack(0x0000001235200000,0x0000001235300000)]

Other Threads:
=>0x00000179febd5000 VMThread "VM Thread" [stack: 0x0000001234400000,0x0000001234500000] [id=15848]
  0x00000179ff767800 WatcherThread [stack: 0x0000001235300000,0x0000001235400000] [id=24856]
  0x00000179df8ab000 GCTaskThread "GC Thread#0" [stack: 0x0000001233900000,0x0000001233a00000] [id=25816]
  0x00000179df8ac800 GCTaskThread "GC Thread#1" [stack: 0x0000001233a00000,0x0000001233b00000] [id=28076]
  0x00000179df8ae000 GCTaskThread "GC Thread#2" [stack: 0x0000001233b00000,0x0000001233c00000] [id=22140]
  0x00000179df8b1000 GCTaskThread "GC Thread#3" [stack: 0x0000001233c00000,0x0000001233d00000] [id=13376]
  0x00000179df91e000 ConcurrentGCThread "G1 Main Marker" [stack: 0x0000001233d00000,0x0000001233e00000] [id=23548]
  0x00000179df923800 ConcurrentGCThread "G1 Conc#0" [stack: 0x0000001233e00000,0x0000001233f00000] [id=8824]
  0x00000179df96e800 ConcurrentGCThread "G1 Refine#0" [stack: 0x0000001233f00000,0x0000001234000000] [id=2572]
  0x00000179fea5b000 ConcurrentGCThread "G1 Refine#1" [stack: 0x0000001234000000,0x0000001234100000] [id=13824]
  0x00000179fea5b800 ConcurrentGCThread "G1 Refine#2" [stack: 0x0000001234100000,0x0000001234200000] [id=2236]
  0x00000179fea5d800 ConcurrentGCThread "G1 Refine#3" [stack: 0x0000001234200000,0x0000001234300000] [id=21248]
  0x00000179fea60800 ConcurrentGCThread "G1 Young RemSet Sampling" [stack: 0x0000001234300000,0x0000001234400000] [id=12744]

Threads with active compile tasks:

VM state:at safepoint (normal execution)

VM Mutex/Monitor currently owned by a thread:  ([mutex/lock_event])
[0x00000179df88fc90] Threads_lock - owner thread: 0x00000179febd5000

Heap address: 0x0000000082000000, size: 2016 MB, Compressed Oops mode: 32-bit
Narrow klass base: 0x0000000000000000, Narrow klass shift: 3
Compressed class space size: 1073741824 Address: 0x0000000100000000

Heap:
 garbage-first heap   total 129024K, used 5120K [0x0000000082000000, 0x0000000100000000)
  region size 1024K, 6 young (6144K), 0 survivors (0K)
 Metaspace       used 6504K, capacity 6665K, committed 6784K, reserved 1056768K
  class space    used 556K, capacity 627K, committed 640K, reserved 1048576K
Heap Regions: E=young(eden), S=young(survivor), O=old, HS=humongous(starts), HC=humongous(continues), CS=collection set, F=free, A=archive, TS=gc time stamp, AC=allocation context, TAMS=top-at-mark-start (previous, next)
|   0|0x0000000082000000, 0x0000000082000000, 0x0000000082100000|  0%| F|  |TS  0|AC  0|TAMS 0x0000000082000000, 0x0000000082000000|
|   1|0x0000000082100000, 0x0000000082100000, 0x0000000082200000|  0%| F|  |TS  0|AC  0|TAMS 0x0000000082100000, 0x0000000082100000|
|   2|0x0000000082200000, 0x0000000082200000, 0x0000000082300000|  0%| F|  |TS  0|AC  0|TAMS 0x0000000082200000, 0x0000000082200000|
|   3|0x0000000082300000, 0x0000000082300000, 0x0000000082400000|  0%| F|  |TS  0|AC  0|TAMS 0x0000000082300000, 0x0000000082300000|
|   4|0x0000000082400000, 0x0000000082400000, 0x0000000082500000|  0%| F|  |TS  0|AC  0|TAMS 0x0000000082400000, 0x0000000082400000|
|   5|0x0000000082500000, 0x0000000082500000, 0x0000000082600000|  0%| F|  |TS  0|AC  0|TAMS 0x0000000082500000, 0x0000000082500000|
|   6|0x0000000082600000, 0x0000000082600000, 0x0000000082700000|  0%| F|  |TS  0|AC  0|TAMS 0x0000000082600000, 0x0000000082600000|
|   7|0x0000000082700000, 0x0000000082700000, 0x0000000082800000|  0%| F|  |TS  0|AC  0|TAMS 0x0000000082700000, 0x0000000082700000|
|   8|0x0000000082800000, 0x0000000082800000, 0x0000000082900000|  0%| F|  |TS  0|AC  0|TAMS 0x0000000082800000, 0x0000000082800000|
|   9|0x0000000082900000, 0x0000000082900000, 0x0000000082a00000|  0%| F|  |TS  0|AC  0|TAMS 0x0000000082900000, 0x0000000082900000|
|  10|0x0000000082a00000, 0x0000000082a00000, 0x0000000082b00000|  0%| F|  |TS  0|AC  0|TAMS 0x0000000082a00000, 0x0000000082a00000|
|  11|0x0000000082b00000, 0x0000000082b00000, 0x0000000082c00000|  0%| F|  |TS  0|AC  0|TAMS 0x0000000082b00000, 0x0000000082b00000|
|  12|0x0000000082c00000, 0x0000000082c00000, 0x0000000082d00000|  0%| F|  |TS  0|AC  0|TAMS 0x0000000082c00000, 0x0000000082c00000|
|  13|0x0000000082d00000, 0x0000000082d00000, 0x0000000082e00000|  0%| F|  |TS  0|AC  0|TAMS 0x0000000082d00000, 0x0000000082d00000|
|  14|0x0000000082e00000, 0x0000000082e00000, 0x0000000082f00000|  0%| F|  |TS  0|AC  0|TAMS 0x0000000082e00000, 0x0000000082e00000|
|  15|0x0000000082f00000, 0x0000000082f00000, 0x0000000083000000|  0%| F|  |TS  0|AC  0|TAMS 0x0000000082f00000, 0x0000000082f00000|
|  16|0x0000000083000000, 0x0000000083000000, 0x0000000083100000|  0%| F|  |TS  0|AC  0|TAMS 0x0000000083000000, 0x0000000083000000|
|  17|0x0000000083100000, 0x0000000083100000, 0x0000000083200000|  0%| F|  |TS  0|AC  0|TAMS 0x0000000083100000, 0x0000000083100000|
|  18|0x0000000083200000, 0x0000000083200000, 0x0000000083300000|  0%| F|  |TS  0|AC  0|TAMS 0x0000000083200000, 0x0000000083200000|
|  19|0x0000000083300000, 0x0000000083300000, 0x0000000083400000|  0%| F|  |TS  0|AC  0|TAMS 0x0000000083300000, 0x0000000083300000|
|  20|0x0000000083400000, 0x0000000083400000, 0x0000000083500000|  0%| F|  |TS  0|AC  0|TAMS 0x0000000083400000, 0x0000000083400000|
|  21|0x0000000083500000, 0x0000000083500000, 0x0000000083600000|  0%| F|  |TS  0|AC  0|TAMS 0x0000000083500000, 0x0000000083500000|
|  22|0x0000000083600000, 0x0000000083600000, 0x0000000083700000|  0%| F|  |TS  0|AC  0|TAMS 0x0000000083600000, 0x0000000083600000|
|  23|0x0000000083700000, 0x0000000083700000, 0x0000000083800000|  0%| F|  |TS  0|AC  0|TAMS 0x0000000083700000, 0x0000000083700000|
|  24|0x0000000083800000, 0x0000000083800000, 0x0000000083900000|  0%| F|  |TS  0|AC  0|TAMS 0x0000000083800000, 0x0000000083800000|
|  25|0x0000000083900000, 0x0000000083900000, 0x0000000083a00000|  0%| F|  |TS  0|AC  0|TAMS 0x0000000083900000, 0x0000000083900000|
|  26|0x0000000083a00000, 0x0000000083a00000, 0x0000000083b00000|  0%| F|  |TS  0|AC  0|TAMS 0x0000000083a00000, 0x0000000083a00000|
|  27|0x0000000083b00000, 0x0000000083b00000, 0x0000000083c00000|  0%| F|  |TS  0|AC  0|TAMS 0x0000000083b00000, 0x0000000083b00000|
|  28|0x0000000083c00000, 0x0000000083c00000, 0x0000000083d00000|  0%| F|  |TS  0|AC  0|TAMS 0x0000000083c00000, 0x0000000083c00000|
|  29|0x0000000083d00000, 0x0000000083d00000, 0x0000000083e00000|  0%| F|  |TS  0|AC  0|TAMS 0x0000000083d00000, 0x0000000083d00000|
|  30|0x0000000083e00000, 0x0000000083e00000, 0x0000000083f00000|  0%| F|  |TS  0|AC  0|TAMS 0x0000000083e00000, 0x0000000083e00000|
|  31|0x0000000083f00000, 0x0000000083f00000, 0x0000000084000000|  0%| F|  |TS  0|AC  0|TAMS 0x0000000083f00000, 0x0000000083f00000|
|  32|0x0000000084000000, 0x0000000084000000, 0x0000000084100000|  0%| F|  |TS  0|AC  0|TAMS 0x0000000084000000, 0x0000000084000000|
|  33|0x0000000084100000, 0x0000000084100000, 0x0000000084200000|  0%| F|  |TS  0|AC  0|TAMS 0x0000000084100000, 0x0000000084100000|
|  34|0x0000000084200000, 0x0000000084200000, 0x0000000084300000|  0%| F|  |TS  0|AC  0|TAMS 0x0000000084200000, 0x0000000084200000|
|  35|0x0000000084300000, 0x0000000084300000, 0x0000000084400000|  0%| F|  |TS  0|AC  0|TAMS 0x0000000084300000, 0x0000000084300000|
|  36|0x0000000084400000, 0x0000000084400000, 0x0000000084500000|  0%| F|  |TS  0|AC  0|TAMS 0x0000000084400000, 0x0000000084400000|
|  37|0x0000000084500000, 0x0000000084500000, 0x0000000084600000|  0%| F|  |TS  0|AC  0|TAMS 0x0000000084500000, 0x0000000084500000|
|  38|0x0000000084600000, 0x0000000084600000, 0x0000000084700000|  0%| F|  |TS  0|AC  0|TAMS 0x0000000084600000, 0x0000000084600000|
|  39|0x0000000084700000, 0x0000000084700000, 0x0000000084800000|  0%| F|  |TS  0|AC  0|TAMS 0x0000000084700000, 0x0000000084700000|
|  40|0x0000000084800000, 0x0000000084800000, 0x0000000084900000|  0%| F|  |TS  0|AC  0|TAMS 0x0000000084800000, 0x0000000084800000|
|  41|0x0000000084900000, 0x0000000084900000, 0x0000000084a00000|  0%| F|  |TS  0|AC  0|TAMS 0x0000000084900000, 0x0000000084900000|
|  42|0x0000000084a00000, 0x0000000084a00000, 0x0000000084b00000|  0%| F|  |TS  0|AC  0|TAMS 0x0000000084a00000, 0x0000000084a00000|
|  43|0x0000000084b00000, 0x0000000084b00000, 0x0000000084c00000|  0%| F|  |TS  0|AC  0|TAMS 0x0000000084b00000, 0x0000000084b00000|
|  44|0x0000000084c00000, 0x0000000084c00000, 0x0000000084d00000|  0%| F|  |TS  0|AC  0|TAMS 0x0000000084c00000, 0x0000000084c00000|
|  45|0x0000000084d00000, 0x0000000084d00000, 0x0000000084e00000|  0%| F|  |TS  0|AC  0|TAMS 0x0000000084d00000, 0x0000000084d00000|
|  46|0x0000000084e00000, 0x0000000084e00000, 0x0000000084f00000|  0%| F|  |TS  0|AC  0|TAMS 0x0000000084e00000, 0x0000000084e00000|
|  47|0x0000000084f00000, 0x0000000084f00000, 0x0000000085000000|  0%| F|  |TS  0|AC  0|TAMS 0x0000000084f00000, 0x0000000084f00000|
|  48|0x0000000085000000, 0x0000000085000000, 0x0000000085100000|  0%| F|  |TS  0|AC  0|TAMS 0x0000000085000000, 0x0000000085000000|
|  49|0x0000000085100000, 0x0000000085100000, 0x0000000085200000|  0%| F|  |TS  0|AC  0|TAMS 0x0000000085100000, 0x0000000085100000|
|  50|0x0000000085200000, 0x0000000085200000, 0x0000000085300000|  0%| F|  |TS  0|AC  0|TAMS 0x0000000085200000, 0x0000000085200000|
|  51|0x0000000085300000, 0x0000000085300000, 0x0000000085400000|  0%| F|  |TS  0|AC  0|TAMS 0x0000000085300000, 0x0000000085300000|
|  52|0x0000000085400000, 0x0000000085400000, 0x0000000085500000|  0%| F|  |TS  0|AC  0|TAMS 0x0000000085400000, 0x0000000085400000|
|  53|0x0000000085500000, 0x0000000085500000, 0x0000000085600000|  0%| F|  |TS  0|AC  0|TAMS 0x0000000085500000, 0x0000000085500000|
|  54|0x0000000085600000, 0x0000000085600000, 0x0000000085700000|  0%| F|  |TS  0|AC  0|TAMS 0x0000000085600000, 0x0000000085600000|
|  55|0x0000000085700000, 0x0000000085700000, 0x0000000085800000|  0%| F|  |TS  0|AC  0|TAMS 0x0000000085700000, 0x0000000085700000|
|  56|0x0000000085800000, 0x0000000085800000, 0x0000000085900000|  0%| F|  |TS  0|AC  0|TAMS 0x0000000085800000, 0x0000000085800000|
|  57|0x0000000085900000, 0x0000000085900000, 0x0000000085a00000|  0%| F|  |TS  0|AC  0|TAMS 0x0000000085900000, 0x0000000085900000|
|  58|0x0000000085a00000, 0x0000000085a00000, 0x0000000085b00000|  0%| F|  |TS  0|AC  0|TAMS 0x0000000085a00000, 0x0000000085a00000|
|  59|0x0000000085b00000, 0x0000000085b00000, 0x0000000085c00000|  0%| F|  |TS  0|AC  0|TAMS 0x0000000085b00000, 0x0000000085b00000|
|  60|0x0000000085c00000, 0x0000000085c00000, 0x0000000085d00000|  0%| F|  |TS  0|AC  0|TAMS 0x0000000085c00000, 0x0000000085c00000|
|  61|0x0000000085d00000, 0x0000000085d00000, 0x0000000085e00000|  0%| F|  |TS  0|AC  0|TAMS 0x0000000085d00000, 0x0000000085d00000|
|  62|0x0000000085e00000, 0x0000000085e00000, 0x0000000085f00000|  0%| F|  |TS  0|AC  0|TAMS 0x0000000085e00000, 0x0000000085e00000|
|  63|0x0000000085f00000, 0x0000000085f00000, 0x0000000086000000|  0%| F|  |TS  0|AC  0|TAMS 0x0000000085f00000, 0x0000000085f00000|
|  64|0x0000000086000000, 0x0000000086000000, 0x0000000086100000|  0%| F|  |TS  0|AC  0|TAMS 0x0000000086000000, 0x0000000086000000|
|  65|0x0000000086100000, 0x0000000086100000, 0x0000000086200000|  0%| F|  |TS  0|AC  0|TAMS 0x0000000086100000, 0x0000000086100000|
|  66|0x0000000086200000, 0x0000000086200000, 0x0000000086300000|  0%| F|  |TS  0|AC  0|TAMS 0x0000000086200000, 0x0000000086200000|
|  67|0x0000000086300000, 0x0000000086300000, 0x0000000086400000|  0%| F|  |TS  0|AC  0|TAMS 0x0000000086300000, 0x0000000086300000|
|  68|0x0000000086400000, 0x0000000086400000, 0x0000000086500000|  0%| F|  |TS  0|AC  0|TAMS 0x0000000086400000, 0x0000000086400000|
|  69|0x0000000086500000, 0x0000000086500000, 0x0000000086600000|  0%| F|  |TS  0|AC  0|TAMS 0x0000000086500000, 0x0000000086500000|
|  70|0x0000000086600000, 0x0000000086600000, 0x0000000086700000|  0%| F|  |TS  0|AC  0|TAMS 0x0000000086600000, 0x0000000086600000|
|  71|0x0000000086700000, 0x0000000086700000, 0x0000000086800000|  0%| F|  |TS  0|AC  0|TAMS 0x0000000086700000, 0x0000000086700000|
|  72|0x0000000086800000, 0x0000000086800000, 0x0000000086900000|  0%| F|  |TS  0|AC  0|TAMS 0x0000000086800000, 0x0000000086800000|
|  73|0x0000000086900000, 0x0000000086900000, 0x0000000086a00000|  0%| F|  |TS  0|AC  0|TAMS 0x0000000086900000, 0x0000000086900000|
|  74|0x0000000086a00000, 0x0000000086a00000, 0x0000000086b00000|  0%| F|  |TS  0|AC  0|TAMS 0x0000000086a00000, 0x0000000086a00000|
|  75|0x0000000086b00000, 0x0000000086b00000, 0x0000000086c00000|  0%| F|  |TS  0|AC  0|TAMS 0x0000000086b00000, 0x0000000086b00000|
|  76|0x0000000086c00000, 0x0000000086c00000, 0x0000000086d00000|  0%| F|  |TS  0|AC  0|TAMS 0x0000000086c00000, 0x0000000086c00000|
|  77|0x0000000086d00000, 0x0000000086d00000, 0x0000000086e00000|  0%| F|  |TS  0|AC  0|TAMS 0x0000000086d00000, 0x0000000086d00000|
|  78|0x0000000086e00000, 0x0000000086e00000, 0x0000000086f00000|  0%| F|  |TS  0|AC  0|TAMS 0x0000000086e00000, 0x0000000086e00000|
|  79|0x0000000086f00000, 0x0000000086f00000, 0x0000000087000000|  0%| F|  |TS  0|AC  0|TAMS 0x0000000086f00000, 0x0000000086f00000|
|  80|0x0000000087000000, 0x0000000087000000, 0x0000000087100000|  0%| F|  |TS  0|AC  0|TAMS 0x0000000087000000, 0x0000000087000000|
|  81|0x0000000087100000, 0x0000000087100000, 0x0000000087200000|  0%| F|  |TS  0|AC  0|TAMS 0x0000000087100000, 0x0000000087100000|
|  82|0x0000000087200000, 0x0000000087200000, 0x0000000087300000|  0%| F|  |TS  0|AC  0|TAMS 0x0000000087200000, 0x0000000087200000|
|  83|0x0000000087300000, 0x0000000087300000, 0x0000000087400000|  0%| F|  |TS  0|AC  0|TAMS 0x0000000087300000, 0x0000000087300000|
|  84|0x0000000087400000, 0x0000000087400000, 0x0000000087500000|  0%| F|  |TS  0|AC  0|TAMS 0x0000000087400000, 0x0000000087400000|
|  85|0x0000000087500000, 0x0000000087500000, 0x0000000087600000|  0%| F|  |TS  0|AC  0|TAMS 0x0000000087500000, 0x0000000087500000|
|  86|0x0000000087600000, 0x0000000087600000, 0x0000000087700000|  0%| F|  |TS  0|AC  0|TAMS 0x0000000087600000, 0x0000000087600000|
|  87|0x0000000087700000, 0x0000000087700000, 0x0000000087800000|  0%| F|  |TS  0|AC  0|TAMS 0x0000000087700000, 0x0000000087700000|
|  88|0x0000000087800000, 0x0000000087800000, 0x0000000087900000|  0%| F|  |TS  0|AC  0|TAMS 0x0000000087800000, 0x0000000087800000|
|  89|0x0000000087900000, 0x0000000087900000, 0x0000000087a00000|  0%| F|  |TS  0|AC  0|TAMS 0x0000000087900000, 0x0000000087900000|
|  90|0x0000000087a00000, 0x0000000087a00000, 0x0000000087b00000|  0%| F|  |TS  0|AC  0|TAMS 0x0000000087a00000, 0x0000000087a00000|
|  91|0x0000000087b00000, 0x0000000087b00000, 0x0000000087c00000|  0%| F|  |TS  0|AC  0|TAMS 0x0000000087b00000, 0x0000000087b00000|
|  92|0x0000000087c00000, 0x0000000087c00000, 0x0000000087d00000|  0%| F|  |TS  0|AC  0|TAMS 0x0000000087c00000, 0x0000000087c00000|
|  93|0x0000000087d00000, 0x0000000087d00000, 0x0000000087e00000|  0%| F|  |TS  0|AC  0|TAMS 0x0000000087d00000, 0x0000000087d00000|
|  94|0x0000000087e00000, 0x0000000087e00000, 0x0000000087f00000|  0%| F|  |TS  0|AC  0|TAMS 0x0000000087e00000, 0x0000000087e00000|
|  95|0x0000000087f00000, 0x0000000087f00000, 0x0000000088000000|  0%| F|  |TS  0|AC  0|TAMS 0x0000000087f00000, 0x0000000087f00000|
|  96|0x0000000088000000, 0x0000000088000000, 0x0000000088100000|  0%| F|  |TS  0|AC  0|TAMS 0x0000000088000000, 0x0000000088000000|
|  97|0x0000000088100000, 0x0000000088100000, 0x0000000088200000|  0%| F|  |TS  0|AC  0|TAMS 0x0000000088100000, 0x0000000088100000|
|  98|0x0000000088200000, 0x0000000088200000, 0x0000000088300000|  0%| F|  |TS  0|AC  0|TAMS 0x0000000088200000, 0x0000000088200000|
|  99|0x0000000088300000, 0x0000000088300000, 0x0000000088400000|  0%| F|  |TS  0|AC  0|TAMS 0x0000000088300000, 0x0000000088300000|
| 100|0x0000000088400000, 0x0000000088400000, 0x0000000088500000|  0%| F|  |TS  0|AC  0|TAMS 0x0000000088400000, 0x0000000088400000|
| 101|0x0000000088500000, 0x0000000088500000, 0x0000000088600000|  0%| F|  |TS  0|AC  0|TAMS 0x0000000088500000, 0x0000000088500000|
| 102|0x0000000088600000, 0x0000000088600000, 0x0000000088700000|  0%| F|  |TS  0|AC  0|TAMS 0x0000000088600000, 0x0000000088600000|
| 103|0x0000000088700000, 0x0000000088700000, 0x0000000088800000|  0%| F|  |TS  0|AC  0|TAMS 0x0000000088700000, 0x0000000088700000|
| 104|0x0000000088800000, 0x0000000088800000, 0x0000000088900000|  0%| F|  |TS  0|AC  0|TAMS 0x0000000088800000, 0x0000000088800000|
| 105|0x0000000088900000, 0x0000000088900000, 0x0000000088a00000|  0%| F|  |TS  0|AC  0|TAMS 0x0000000088900000, 0x0000000088900000|
| 106|0x0000000088a00000, 0x0000000088a00000, 0x0000000088b00000|  0%| F|  |TS  0|AC  0|TAMS 0x0000000088a00000, 0x0000000088a00000|
| 107|0x0000000088b00000, 0x0000000088b00000, 0x0000000088c00000|  0%| F|  |TS  0|AC  0|TAMS 0x0000000088b00000, 0x0000000088b00000|
| 108|0x0000000088c00000, 0x0000000088c00000, 0x0000000088d00000|  0%| F|  |TS  0|AC  0|TAMS 0x0000000088c00000, 0x0000000088c00000|
| 109|0x0000000088d00000, 0x0000000088d00000, 0x0000000088e00000|  0%| F|  |TS  0|AC  0|TAMS 0x0000000088d00000, 0x0000000088d00000|
| 110|0x0000000088e00000, 0x0000000088e00000, 0x0000000088f00000|  0%| F|  |TS  0|AC  0|TAMS 0x0000000088e00000, 0x0000000088e00000|
| 111|0x0000000088f00000, 0x0000000088f00000, 0x0000000089000000|  0%| F|  |TS  0|AC  0|TAMS 0x0000000088f00000, 0x0000000088f00000|
| 112|0x0000000089000000, 0x0000000089000000, 0x0000000089100000|  0%| F|  |TS  0|AC  0|TAMS 0x0000000089000000, 0x0000000089000000|
| 113|0x0000000089100000, 0x0000000089100000, 0x0000000089200000|  0%| F|  |TS  0|AC  0|TAMS 0x0000000089100000, 0x0000000089100000|
| 114|0x0000000089200000, 0x0000000089200000, 0x0000000089300000|  0%| F|  |TS  0|AC  0|TAMS 0x0000000089200000, 0x0000000089200000|
| 115|0x0000000089300000, 0x0000000089300000, 0x0000000089400000|  0%| F|  |TS  0|AC  0|TAMS 0x0000000089300000, 0x0000000089300000|
| 116|0x0000000089400000, 0x0000000089400000, 0x0000000089500000|  0%| F|  |TS  0|AC  0|TAMS 0x0000000089400000, 0x0000000089400000|
| 117|0x0000000089500000, 0x0000000089500000, 0x0000000089600000|  0%| F|  |TS  0|AC  0|TAMS 0x0000000089500000, 0x0000000089500000|
| 118|0x0000000089600000, 0x0000000089600000, 0x0000000089700000|  0%| F|  |TS  0|AC  0|TAMS 0x0000000089600000, 0x0000000089600000|
| 119|0x0000000089700000, 0x0000000089700000, 0x0000000089800000|  0%| F|  |TS  0|AC  0|TAMS 0x0000000089700000, 0x0000000089700000|
| 120|0x0000000089800000, 0x0000000089848350, 0x0000000089900000| 28%| E|  |TS  0|AC  0|TAMS 0x0000000089800000, 0x0000000089800000|
| 121|0x0000000089900000, 0x0000000089a00000, 0x0000000089a00000|100%| E|CS|TS  0|AC  0|TAMS 0x0000000089900000, 0x0000000089900000|
| 122|0x0000000089a00000, 0x0000000089b00000, 0x0000000089b00000|100%| E|CS|TS  0|AC  0|TAMS 0x0000000089a00000, 0x0000000089a00000|
| 123|0x0000000089b00000, 0x0000000089c00000, 0x0000000089c00000|100%| E|CS|TS  0|AC  0|TAMS 0x0000000089b00000, 0x0000000089b00000|
| 124|0x0000000089c00000, 0x0000000089d00000, 0x0000000089d00000|100%| E|CS|TS  0|AC  0|TAMS 0x0000000089c00000, 0x0000000089c00000|
| 125|0x0000000089d00000, 0x0000000089e00000, 0x0000000089e00000|100%| E|CS|TS  0|AC  0|TAMS 0x0000000089d00000, 0x0000000089d00000|

Card table byte_map: [0x00000179fbdf0000,0x00000179fc1e0000] byte_map_base: 0x00000179fb9e0000

Marking Bits (Prev, Next): (CMBitMap*) 0x00000179df91d8c0, (CMBitMap*) 0x00000179df91d8f8
 Prev Bits: [0x00000179fc5d0000, 0x00000179fe550000)
 Next Bits: [0x0000017980000000, 0x0000017981f80000)

Polling page: 0x00000179dd5b0000

CodeHeap 'non-profiled nmethods': size=120064Kb used=160Kb max_used=160Kb free=119903Kb
 bounds [0x00000179f3e90000, 0x00000179f4100000, 0x00000179fb3d0000]
CodeHeap 'profiled nmethods': size=120000Kb used=681Kb max_used=681Kb free=119318Kb
 bounds [0x00000179ec960000, 0x00000179ecbd0000, 0x00000179f3e90000]
CodeHeap 'non-nmethods': size=5696Kb used=1140Kb max_used=1149Kb free=4555Kb
 bounds [0x00000179ec3d0000, 0x00000179ec640000, 0x00000179ec960000]
 total_blobs=921 nmethods=473 adapters=269
 compilation: enabled

Compilation events (10 events):
Event: 127.856 Thread 0x00000179fec02000  469       1       java.nio.Buffer::limit (5 bytes)
Event: 127.856 Thread 0x00000179fec02000 nmethod 469 0x00000179f3eb7690 code [0x00000179f3eb7840, 0x00000179f3eb7958]
Event: 685.066 Thread 0x00000179fec02000  470       1       sun.instrument.TransformerManager::getSnapshotTransformerList (5 bytes)
Event: 685.066 Thread 0x00000179fec02000 nmethod 470 0x00000179f3eb7a10 code [0x00000179f3eb7bc0, 0x00000179f3eb7cd8]
Event: 685.066 Thread 0x00000179fec02000  471       3       java.util.Collections::emptyList (4 bytes)
Event: 685.066 Thread 0x00000179fec02000 nmethod 471 0x00000179eca09e10 code [0x00000179eca09fc0, 0x00000179eca0a0f8]
Event: 685.066 Thread 0x00000179fec02000  473       3       com.intellij.rt.debugger.agent.CaptureAgent::access$200 (5 bytes)
Event: 685.066 Thread 0x00000179fec02000 nmethod 473 0x00000179eca0a190 code [0x00000179eca0a360, 0x00000179eca0a5b8]
Event: 685.066 Thread 0x00000179fec02000  472       1       sun.instrument.TransformerManager$TransformerInfo::transformer (5 bytes)
Event: 685.066 Thread 0x00000179fec02000 nmethod 472 0x00000179f3eb7d90 code [0x00000179f3eb7f40, 0x00000179f3eb8058]

GC Heap History (0 events):
No events

Deoptimization events (6 events):
Event: 0.286 Thread 0x00000179df891000 Uncommon trap: reason=unstable_if action=reinterpret pc=0x00000179f3e99338 method=java.util.HashMap.putVal(ILjava/lang/Object;Ljava/lang/Object;ZZ)Ljava/lang/Object; @ 69 c2
Event: 0.290 Thread 0x00000179df891000 Uncommon trap: reason=unstable_if action=reinterpret pc=0x00000179f3e99c80 method=java.util.AbstractCollection.isEmpty()Z @ 4 c2
Event: 0.304 Thread 0x00000179df891000 Uncommon trap: reason=unstable_if action=reinterpret pc=0x00000179f3e9e5c8 method=java.util.HashMap.putVal(ILjava/lang/Object;Ljava/lang/Object;ZZ)Ljava/lang/Object; @ 69 c2
Event: 0.350 Thread 0x00000179df891000 Uncommon trap: reason=unstable_if action=reinterpret pc=0x00000179f3e93828 method=java.lang.String.hashCode()I @ 14 c2
Event: 0.377 Thread 0x00000179df891000 Uncommon trap: reason=unstable_if action=reinterpret pc=0x00000179f3e951fc method=java.lang.String.isLatin1()Z @ 10 c2
Event: 0.482 Thread 0x00000179df891000 Uncommon trap: reason=unstable_if action=reinterpret pc=0x00000179f3ea2c7c method=java.lang.String.charAt(I)C @ 4 c2

Classes redefined (8 events):
Event: 127.569 Thread 0x00000179febd5000 redefined class name=Main, count=1
Event: 127.573 Thread 0x00000179febd5000 redefined class name=Widget, count=1
Event: 654.723 Thread 0x00000179febd5000 redefined class name=Main, count=2
Event: 654.724 Thread 0x00000179febd5000 redefined class name=Widget, count=2
Event: 2085.632 Thread 0x00000179febd5000 redefined class name=Main, count=3
Event: 2085.633 Thread 0x00000179febd5000 redefined class name=Widget, count=3
Event: 3049.053 Thread 0x00000179febd5000 redefined class name=Main, count=4
Event: 3049.054 Thread 0x00000179febd5000 redefined class name=Widget, count=4

Internal exceptions (7 events):
Event: 0.580 Thread 0x00000179df891000 Exception <a 'java/lang/NoSuchMethodError'{0x0000000089ac6080}: java.lang.invoke.DirectMethodHandle$Holder.invokeStatic(Ljava/lang/Object;Ljava/lang/Object;Ljava/lang/Object;Ljava/lang/Object;Ljava/lang/Object;Ljava/lang/Object;Ljava/lang/Object;Ljava/lan
Event: 0.588 Thread 0x00000179df891000 Exception <a 'java/lang/NoSuchMethodError'{0x0000000089adfc38}: java.lang.invoke.DirectMethodHandle$Holder.invokeStatic(Ljava/lang/Object;Ljava/lang/Object;Ljava/lang/Object;Ljava/lang/Object;Ljava/lang/Object;Ljava/lang/Object;Ljava/lang/Object;Ljava/lan
Event: 0.591 Thread 0x00000179df891000 Exception <a 'java/lang/NoSuchMethodError'{0x0000000089af08c8}: java.lang.invoke.DirectMethodHandle$Holder.invokeSpecial(Ljava/lang/Object;Ljava/lang/Object;IIILjava/lang/Object;ILjava/lang/Object;Ljava/lang/Object;)Ljava/lang/Object;> (0x0000000089af08c8
Event: 0.591 Thread 0x00000179df891000 Exception <a 'java/lang/NoSuchMethodError'{0x0000000089af3e60}: java.lang.invoke.DelegatingMethodHandle$Holder.reinvoke_L(Ljava/lang/Object;IIILjava/lang/Object;ILjava/lang/Object;Ljava/lang/Object;)Ljava/lang/Object;> (0x0000000089af3e60) thrown at [t:/w
Event: 0.614 Thread 0x00000179df891000 Exception <a 'java/lang/NoSuchMethodError'{0x000000008994ecb0}: method resolution failed> (0x000000008994ecb0) thrown at [t:/workspace/open/src/hotspot/share/prims/methodHandles.cpp, line 1226]
Event: 0.618 Thread 0x00000179df891000 Exception <a 'java/lang/NoSuchMethodError'{0x0000000089971648}: method resolution failed> (0x0000000089971648) thrown at [t:/workspace/open/src/hotspot/share/prims/methodHandles.cpp, line 1226]
Event: 0.621 Thread 0x00000179df891000 Exception <a 'java/lang/NoSuchMethodError'{0x000000008997f008}: method resolution failed> (0x000000008997f008) thrown at [t:/workspace/open/src/hotspot/share/prims/methodHandles.cpp, line 1226]

Events (10 events):
Event: 2085.635 Executing VM operation: GetFrameLocation done
Event: 3049.050 Executing VM operation: RedefineClasses
Event: 3049.055 Executing VM operation: RedefineClasses done
Event: 3049.067 Executing VM operation: GetFrameCount
Event: 3049.067 Executing VM operation: GetFrameCount done
Event: 3049.072 Executing VM operation: GetFrameCount
Event: 3049.072 Executing VM operation: GetFrameCount done
Event: 3049.072 Executing VM operation: GetFrameLocation
Event: 3049.072 Executing VM operation: GetFrameLocation done
Event: 3049.152 Executing VM operation: GetOrSetLocal


Dynamic libraries:
0x00007ff784400000 - 0x00007ff78443e000 	C:\Program Files\Java\jdk-10.0.2\bin\java.exe
0x00007ffc76750000 - 0x00007ffc76930000 	C:\Windows\SYSTEM32\ntdll.dll
0x00007ffc74bf0000 - 0x00007ffc74c9e000 	C:\Windows\System32\KERNEL32.DLL
0x00007ffc735d0000 - 0x00007ffc73836000 	C:\Windows\System32\KERNELBASE.dll
0x00007ffc74360000 - 0x00007ffc74401000 	C:\Windows\System32\ADVAPI32.dll
0x00007ffc761f0000 - 0x00007ffc7628d000 	C:\Windows\System32\msvcrt.dll
0x00007ffc73de0000 - 0x00007ffc73e3b000 	C:\Windows\System32\sechost.dll
0x00007ffc74ad0000 - 0x00007ffc74bef000 	C:\Windows\System32\RPCRT4.dll
0x00007ffc73c20000 - 0x00007ffc73daf000 	C:\Windows\System32\USER32.dll
0x00007ffc73ae0000 - 0x00007ffc73b00000 	C:\Windows\System32\win32u.dll
0x00007ffc73db0000 - 0x00007ffc73dd8000 	C:\Windows\System32\GDI32.dll
0x00007ffc738f0000 - 0x00007ffc73a83000 	C:\Windows\System32\gdi32full.dll
0x00007ffc73b00000 - 0x00007ffc73b9b000 	C:\Windows\System32\msvcp_win.dll
0x00007ffc72d80000 - 0x00007ffc72e75000 	C:\Windows\System32\ucrtbase.dll
0x00007ffc66670000 - 0x00007ffc668d9000 	C:\Windows\WinSxS\amd64_microsoft.windows.common-controls_6595b64144ccf1df_6.0.16299.665_none_15cbd8769361ff10\COMCTL32.dll
0x00007ffc66660000 - 0x00007ffc6666a000 	C:\Windows\SYSTEM32\VERSION.dll
0x00007ffc76350000 - 0x00007ffc76657000 	C:\Windows\System32\combase.dll
0x00007ffc73ba0000 - 0x00007ffc73c12000 	C:\Windows\System32\bcryptPrimitives.dll
0x00007ffc76670000 - 0x00007ffc7669d000 	C:\Windows\System32\IMM32.DLL
0x00007ffc4f020000 - 0x00007ffc4f10f000 	C:\Program Files\Java\jdk-10.0.2\bin\msvcr120.dll
0x00007ffc52c70000 - 0x00007ffc52d16000 	C:\Program Files\Java\jdk-10.0.2\bin\msvcp120.dll
0x0000000056140000 - 0x0000000056bb0000 	C:\Program Files\Java\jdk-10.0.2\bin\server\jvm.dll
0x00007ffc76660000 - 0x00007ffc76668000 	C:\Windows\System32\PSAPI.DLL
0x00007ffc63fc0000 - 0x00007ffc63fc9000 	C:\Windows\SYSTEM32\WSOCK32.dll
0x00007ffc74780000 - 0x00007ffc747ec000 	C:\Windows\System32\WS2_32.dll
0x00007ffc70680000 - 0x00007ffc706a3000 	C:\Windows\SYSTEM32\WINMM.dll
0x00007ffc70620000 - 0x00007ffc7064a000 	C:\Windows\SYSTEM32\WINMMBASE.dll
0x00007ffc73a90000 - 0x00007ffc73ada000 	C:\Windows\System32\cfgmgr32.dll
0x00007ffc62c50000 - 0x00007ffc62c5f000 	C:\Program Files\Java\jdk-10.0.2\bin\verify.dll
0x00007ffc71590000 - 0x00007ffc71758000 	C:\Windows\SYSTEM32\DBGHELP.DLL
0x00007ffc60ea0000 - 0x00007ffc60ec9000 	C:\Windows\SYSTEM32\dbgcore.DLL
0x00007ffc61860000 - 0x00007ffc61887000 	C:\Program Files\Java\jdk-10.0.2\bin\java.dll
0x00007ffc62b00000 - 0x00007ffc62b36000 	C:\Program Files\Java\jdk-10.0.2\bin\jdwp.dll
0x00007ffc63c20000 - 0x00007ffc63c4a000 	C:\Program Files\Java\jdk-10.0.2\bin\instrument.dll
0x00007ffc61610000 - 0x00007ffc61626000 	C:\Program Files\Java\jdk-10.0.2\bin\zip.dll
0x00007ffc62410000 - 0x00007ffc6241a000 	C:\Program Files\Java\jdk-10.0.2\bin\jimage.dll
0x00007ffc74ca0000 - 0x00007ffc760d8000 	C:\Windows\System32\SHELL32.dll
0x00007ffc762a0000 - 0x00007ffc76346000 	C:\Windows\System32\shcore.dll
0x00007ffc72e80000 - 0x00007ffc735c7000 	C:\Windows\System32\windows.storage.dll
0x00007ffc74850000 - 0x00007ffc748a1000 	C:\Windows\System32\shlwapi.dll
0x00007ffc72ac0000 - 0x00007ffc72ad1000 	C:\Windows\System32\kernel.appcore.dll
0x00007ffc72ae0000 - 0x00007ffc72b2c000 	C:\Windows\System32\powrprof.dll
0x00007ffc72b30000 - 0x00007ffc72b4b000 	C:\Windows\System32\profapi.dll
0x00007ffc6a530000 - 0x00007ffc6a53a000 	C:\Program Files\Java\jdk-10.0.2\bin\dt_socket.dll
0x00007ffc72330000 - 0x00007ffc72396000 	C:\Windows\system32\mswsock.dll
0x00007ffc615f0000 - 0x00007ffc6160a000 	C:\Program Files\Java\jdk-10.0.2\bin\net.dll
0x00007ffc6a090000 - 0x00007ffc6a16e000 	C:\Windows\SYSTEM32\WINHTTP.dll
0x00007ffc61380000 - 0x00007ffc61391000 	C:\Program Files\Java\jdk-10.0.2\bin\nio.dll

dbghelp: loaded successfully - version: 4.0.5 - missing functions: none
symbol engine: initialized successfully - sym options: 0x614 - pdb path: .;C:\Program Files\Java\jdk-10.0.2\bin;C:\Windows\SYSTEM32;C:\Windows\WinSxS\amd64_microsoft.windows.common-controls_6595b64144ccf1df_6.0.16299.665_none_15cbd8769361ff10;C:\Program Files\Java\jdk-10.0.2\bin\server

VM Arguments:
jvm_args: -agentlib:jdwp=transport=dt_socket,address=127.0.0.1:54268,suspend=y,server=n -javaagent:C:\Users\BIGGRE~1\AppData\Local\Temp\captureAgent2jars\debugger-agent.jar=file:/C:/Users/BIGGRE~1/AppData/Local/Temp/capture.props -Dfile.encoding=UTF-8 
java_command: Main
java_class_path (initial): C:\Users\Big Green\IdeaProjects\ProjectAlpha\out\production\ProjectAlpha;C:\Program Files\JetBrains\IntelliJ IDEA 2018.2.3\lib\idea_rt.jar
Launcher Type: SUN_STANDARD

Logging:
Log output configuration:
#0: stdout all=warning uptime,level,tags
#1: stderr all=off uptime,level,tags

Environment Variables:
PATH=C:\Program Files (x86)\Common Files\Oracle\Java\javapath;C:\Program Files (x86)\Intel\Intel(R) Management Engine Components\iCLS\;C:\Program Files\Intel\Intel(R) Management Engine Components\iCLS\;C:\Windows\system32;C:\Windows;C:\Windows\System32\Wbem;C:\Windows\System32\WindowsPowerShell\v1.0\;C:\Program Files (x86)\Intel\Intel(R) Management Engine Components\DAL;C:\Program Files\Intel\Intel(R) Management Engine Components\DAL;C:\Program Files (x86)\Intel\Intel(R) Management Engine Components\IPT;C:\Program Files\Intel\Intel(R) Management Engine Components\IPT;C:\Users\Big Green\AppData\Local\Microsoft\WindowsApps;C:\Users\Big Green\AppData\Local\Programs\Git\cmd
USERNAME=Big Green
OS=Windows_NT
PROCESSOR_IDENTIFIER=Intel64 Family 6 Model 142 Stepping 9, GenuineIntel



---------------  S Y S T E M  ---------------

OS: Windows 10 , 64 bit Build 16299 (10.0.16299.431)

CPU:total 4 (initial active 4) (2 cores per cpu, 2 threads per core) family 6 model 142 stepping 9, cmov, cx8, fxsr, mmx, sse, sse2, sse3, ssse3, sse4.1, sse4.2, popcnt, avx, avx2, aes, clmul, erms, 3dnowpref, lzcnt, ht, tsc, tscinvbit, bmi1, bmi2, adx, fma

Memory: 4k page, physical 8251488k(1830436k free), swap 21727348k(8480140k free)

vm_info: Java HotSpot(TM) 64-Bit Server VM (10.0.2+13) for windows-amd64 JRE (10.0.2+13), built on Jun 28 2018 01:57:56 by "mach5one" with MS VC++ 12.0 (VS2013)

END.
